GOROOT=/home/kurtis/.gvm/gos/go1.23.3 #gosetup
GOPATH=/home/kurtis/.gvm/pkgsets/go1.23.3/global #gosetup
/home/kurtis/.gvm/gos/go1.23.3/bin/go build -o /home/kurtis/.cache/JetBrains/IntelliJIdea2024.3/tmp/GoLand/___go_build_github_com_angelokurtis_go_home_automations_cmd_app github.com/angelokurtis/go-home-automations/cmd/app #gosetup
/home/kurtis/.cache/JetBrains/IntelliJIdea2024.3/tmp/GoLand/___go_build_github_com_angelokurtis_go_home_automations_cmd_app #gosetup
4:14PM INF Starting schedules=0
4:14PM INF Starting "entity listeners"=0
4:14PM INF Starting "event listeners"=1
4:14PM INF app.EntityState{
	Attributes: {"device_class": "battery", "friendly_name": "Celular do Kurtis  Battery level", "icon": "mdi:battery-40", "state_class": "measurement", ...},
	Context: app.Context{
-		ID:       "01JE1QWJ8JT3RHB2WKPBEAS278",
+		ID:       "01JE1TA7B1ATYQXPGXH3JJC6P4",
		ParentID: nil,
		UserID:   nil,
	},
	EntityID:     "sensor.celular_do_kurtis_battery_level",
-	LastChanged:  s"2024-12-01 18:31:51.826108 +0000 +0000",
+	LastChanged:  s"2024-12-01 19:14:16.545364 +0000 +0000",
-	LastReported: s"2024-12-01 18:31:51.826108 +0000 +0000",
+	LastReported: s"2024-12-01 19:14:16.545364 +0000 +0000",
-	LastUpdated:  s"2024-12-01 18:31:51.826108 +0000 +0000",
+	LastUpdated:  s"2024-12-01 19:14:16.545364 +0000 +0000",
-	EntityState:  "46",
+	EntityState:  "45",
}
 entity=sensor.celular_do_kurtis_battery_level
4:14PM WRN failed to unmarshal state change event
4:14PM INF app.EntityState{
	Attributes: {"friendly_name": "0x70b3d52b60027466"},
	Context: app.Context{
-		ID:       "01JE1T79PYSHR7425WYXZ90E27",
+		ID:       "01JE1TA89Z7TKD51EG2RNZ5FDX",
		ParentID: nil,
		UserID:   &"fff913ba994c475881b95d7c691377e1",
	},
	EntityID:     "switch.0x70b3d52b60027466",
-	LastChanged:  s"2024-12-01 19:12:40.78596 +0000 +0000",
+	LastChanged:  s"2024-12-01 19:14:17.664952 +0000 +0000",
-	LastReported: s"2024-12-01 19:12:40.78596 +0000 +0000",
+	LastReported: s"2024-12-01 19:14:17.664952 +0000 +0000",
-	LastUpdated:  s"2024-12-01 19:12:40.78596 +0000 +0000",
+	LastUpdated:  s"2024-12-01 19:14:17.664952 +0000 +0000",
-	EntityState:  "on",
+	EntityState:  "off",
}
 entity=switch.0x70b3d52b60027466
4:14PM WRN failed to unmarshal state change event
4:14PM WRN failed to unmarshal state change event
4:14PM INF app.EntityState{
	Attributes: {"friendly_name": "Interruptor 6x L6"},
	Context: app.Context{
-		ID:       "01JE1T79TQ4JHWQFGZK8MC96ZF",
+		ID:       "01JE1TA8E899T7TV9T33ESGF5V",
-		ParentID: &"01JE1T79PYSHR7425WYXZ90E27",
+		ParentID: &"01JE1TA89Z7TKD51EG2RNZ5FDX",
		UserID:   nil,
	},
	EntityID:     "switch.0xa4c138fbb01d424a_l6",
-	LastChanged:  s"2024-12-01 19:12:40.876171 +0000 +0000",
+	LastChanged:  s"2024-12-01 19:14:17.747341 +0000 +0000",
-	LastReported: s"2024-12-01 19:12:40.876171 +0000 +0000",
+	LastReported: s"2024-12-01 19:14:17.747341 +0000 +0000",
-	LastUpdated:  s"2024-12-01 19:12:40.876171 +0000 +0000",
+	LastUpdated:  s"2024-12-01 19:14:17.747341 +0000 +0000",
-	EntityState:  "on",
+	EntityState:  "off",
}
 entity=switch.0xa4c138fbb01d424a_l6
4:14PM WRN failed to unmarshal state change event
4:14PM WRN failed to unmarshal state change event
4:14PM INF app.EntityState{
	Attributes: {"device_class": "power", "friendly_name": "0x70b3d52b60027466 Potência", "state_class": "measurement", "unit_of_measurement": "W"},
	Context: app.Context{
-		ID:       "01JE1T7FESQ0ESV3N4T88ZA99Z",
+		ID:       "01JE1TB5763YM698EWBZVWP859",
		ParentID: nil,
		UserID:   nil,
	},
	EntityID:     "sensor.0x70b3d52b60027466_power",
-	LastChanged:  s"2024-12-01 19:12:46.55383 +0000 +0000",
+	LastChanged:  s"2024-12-01 19:14:47.142789 +0000 +0000",
-	LastReported: s"2024-12-01 19:12:46.55383 +0000 +0000",
+	LastReported: s"2024-12-01 19:14:47.142789 +0000 +0000",
-	LastUpdated:  s"2024-12-01 19:12:46.55383 +0000 +0000",
+	LastUpdated:  s"2024-12-01 19:14:47.142789 +0000 +0000",
-	EntityState:  "6",
+	EntityState:  "0",
}
 entity=sensor.0x70b3d52b60027466_power
4:16PM WRN failed to unmarshal state change event
